#
# There is insufficient memory for the Java Runtime Environment to continue.
# Native memory allocation (malloc) failed to allocate 32784 bytes for Chunk::new
# Possible reasons:
#   The system is out of physical RAM or swap space
#   The process is running with CompressedOops enabled, and the Java Heap may be blocking the growth of the native heap
# Possible solutions:
#   Reduce memory load on the system
#   Increase physical memory or swap space
#   Check if swap backing store is full
#   Decrease Java heap size (-Xmx/-Xms)
#   Decrease number of Java threads
#   Decrease Java thread stack sizes (-Xss)
#   Set larger code cache with -XX:ReservedCodeCacheSize=
#   JVM is running with Unscaled Compressed Oops mode in which the Java heap is
#     placed in the first 4GB address space. The Java Heap base address is the
#     maximum limit for the native heap growth. Please use -XX:HeapBaseMinAddress
#     to set the Java Heap base and to place the Java Heap above 4GB virtual address.
# This output file may be truncated or incomplete.
#
#  Out of Memory Error (allocation.cpp:389), pid=26144, tid=0x000000000000094c
#
# JRE version: Java(TM) SE Runtime Environment (8.0_291-b10) (build 1.8.0_291-b10)
# Java VM: Java HotSpot(TM) 64-Bit Server VM (25.291-b10 mixed mode windows-amd64 compressed oops)
# Failed to write core dump. Minidumps are not enabled by default on client versions of Windows
#

---------------  T H R E A D  ---------------

Current thread (0x000001dedb4f6000):  JavaThread "C2 CompilerThread0" daemon [_thread_in_native, id=2380, stack(0x0000001e9d400000,0x0000001e9d500000)]

Stack: [0x0000001e9d400000,0x0000001e9d500000]
Native frames: (J=compiled Java code, j=interpreted, Vv=VM code, C=native code)
V  [jvm.dll+0x32ea19]


Current CompileTask:
C2:  25230 3291       4       org.springframework.core.ResolvableType::<init> (39 bytes)


---------------  P R O C E S S  ---------------

Java Threads: ( => current thread )
  0x000001dedb57d800 JavaThread "Service Thread" daemon [_thread_blocked, id=33160, stack(0x0000001e9d700000,0x0000001e9d800000)]
  0x000001dedb4fc000 JavaThread "C1 CompilerThread2" daemon [_thread_blocked, id=24036, stack(0x0000001e9d600000,0x0000001e9d700000)]
  0x000001dedb4f8800 JavaThread "C2 CompilerThread1" daemon [_thread_in_native, id=32948, stack(0x0000001e9d500000,0x0000001e9d600000)]
=>0x000001dedb4f6000 JavaThread "C2 CompilerThread0" daemon [_thread_in_native, id=2380, stack(0x0000001e9d400000,0x0000001e9d500000)]
  0x000001dedb4ee800 JavaThread "Monitor Ctrl-Break" daemon [_thread_in_native, id=65984, stack(0x0000001e9d300000,0x0000001e9d400000)]
  0x000001dedb48b000 JavaThread "Attach Listener" daemon [_thread_blocked, id=8792, stack(0x0000001e9d200000,0x0000001e9d300000)]
  0x000001dedb489800 JavaThread "Signal Dispatcher" daemon [_thread_blocked, id=32476, stack(0x0000001e9d100000,0x0000001e9d200000)]
  0x000001dedb469800 JavaThread "Finalizer" daemon [_thread_blocked, id=32776, stack(0x0000001e9d000000,0x0000001e9d100000)]
  0x000001dedb461000 JavaThread "Reference Handler" daemon [_thread_blocked, id=5556, stack(0x0000001e9cf00000,0x0000001e9d000000)]
  0x000001dec5459800 JavaThread "main" [_thread_blocked, id=52324, stack(0x0000001e9c900000,0x0000001e9ca00000)]

Other Threads:
  0x000001dedb437000 VMThread [stack: 0x0000001e9ce00000,0x0000001e9cf00000] [id=56496]
  0x000001dedc6c8000 WatcherThread [stack: 0x0000001e9d800000,0x0000001e9d900000] [id=27596]

VM state:at safepoint (normal execution)

VM Mutex/Monitor currently owned by a thread:  ([mutex/lock_event])
[0x000001dec5456c80] Threads_lock - owner thread: 0x000001dedb437000
[0x000001dec5458610] Heap_lock - owner thread: 0x000001dec5459800

heap address: 0x0000000082000000, size: 2016 MB, Compressed Oops mode: 32-bit
Narrow klass base: 0x0000000000000000, Narrow klass shift: 3
Compressed class space size: 1073741824 Address: 0x0000000100000000

Heap:
 PSYoungGen      total 140288K, used 3748K [0x00000000d6000000, 0x00000000e0980000, 0x0000000100000000)
  eden space 129536K, 0% used [0x00000000d6000000,0x00000000d6000000,0x00000000dde80000)
  from space 10752K, 34% used [0x00000000dff00000,0x00000000e02a92e8,0x00000000e0980000)
  to   space 8704K, 0% used [0x00000000dde80000,0x00000000dde80000,0x00000000de700000)
 ParOldGen       total 82432K, used 11678K [0x0000000082000000, 0x0000000087080000, 0x00000000d6000000)
  object space 82432K, 14% used [0x0000000082000000,0x0000000082b67bf8,0x0000000087080000)
 Metaspace       used 35690K, capacity 37960K, committed 38016K, reserved 1083392K
  class space    used 4584K, capacity 4992K, committed 4992K, reserved 1048576K

Card table byte_map: [0x000001ded61f0000,0x000001ded65f0000] byte_map_base: 0x000001ded5de0000

Marking Bits: (ParMarkBitMap*) 0x0000000065df7fe0
 Begin Bits: [0x000001ded6890000, 0x000001ded8810000)
 End Bits:   [0x000001ded8810000, 0x000001deda790000)

Polling page: 0x000001dec5520000

CodeCache: size=245760Kb used=10826Kb max_used=10826Kb free=234933Kb
 bounds [0x000001dec6e30000, 0x000001dec78d0000, 0x000001ded5e30000]
 total_blobs=3538 nmethods=3105 adapters=343
 compilation: enabled

Compilation events (10 events):
Event: 25.150 Thread 0x000001dedb4fc000 3313       3       org.springframework.core.ResolvableType::<init> (39 bytes)
Event: 25.151 Thread 0x000001dedb4fc000 nmethod 3313 0x000001dec78c5850 code [0x000001dec78c59c0, 0x000001dec78c5c30]
Event: 25.160 Thread 0x000001dedb4fc000 3314       3       org.springframework.asm.Label::<init> (5 bytes)
Event: 25.160 Thread 0x000001dedb4fc000 nmethod 3314 0x000001dec78c5d10 code [0x000001dec78c5e60, 0x000001dec78c6018]
Event: 25.163 Thread 0x000001dedb4fc000 3315       3       java.lang.reflect.Method::equals (69 bytes)
Event: 25.164 Thread 0x000001dedb4fc000 nmethod 3315 0x000001dec78c60d0 code [0x000001dec78c6260, 0x000001dec78c6bd0]
Event: 25.173 Thread 0x000001dedb4fc000 3317   !   3       com.sun.beans.finder.MethodFinder::findAccessibleMethod (116 bytes)
Event: 25.177 Thread 0x000001dedb4fc000 nmethod 3317 0x000001dec78c6d10 code [0x000001dec78c7040, 0x000001dec78c8810]
Event: 25.183 Thread 0x000001dedb4fc000 3318       1       org.springframework.beans.factory.config.BeanDefinitionHolder::getBeanDefinition (5 bytes)
Event: 25.183 Thread 0x000001dedb4fc000 nmethod 3318 0x000001dec78c9350 code [0x000001dec78c94a0, 0x000001dec78c95b8]

GC Heap History (10 events):
Event: 14.063 GC heap before
{Heap before GC invocations=7 (full 1):
 PSYoungGen      total 70656K, used 65536K [0x00000000d6000000, 0x00000000df200000, 0x0000000100000000)
  eden space 65536K, 100% used [0x00000000d6000000,0x00000000da000000,0x00000000da000000)
  from space 5120K, 0% used [0x00000000da000000,0x00000000da000000,0x00000000da500000)
  to   space 9216K, 0% used [0x00000000de900000,0x00000000de900000,0x00000000df200000)
 ParOldGen       total 54272K, used 7175K [0x0000000082000000, 0x0000000085500000, 0x00000000d6000000)
  object space 54272K, 13% used [0x0000000082000000,0x0000000082701c78,0x0000000085500000)
 Metaspace       used 25509K, capacity 27058K, committed 27392K, reserved 1073152K
  class space    used 3178K, capacity 3491K, committed 3584K, reserved 1048576K
Event: 14.090 GC heap after
Heap after GC invocations=7 (full 1):
 PSYoungGen      total 114688K, used 6406K [0x00000000d6000000, 0x00000000def80000, 0x0000000100000000)
  eden space 108032K, 0% used [0x00000000d6000000,0x00000000d6000000,0x00000000dc980000)
  from space 6656K, 96% used [0x00000000de900000,0x00000000def41bd8,0x00000000def80000)
  to   space 8704K, 0% used [0x00000000dde80000,0x00000000dde80000,0x00000000de700000)
 ParOldGen       total 54272K, used 7183K [0x0000000082000000, 0x0000000085500000, 0x00000000d6000000)
  object space 54272K, 13% used [0x0000000082000000,0x0000000082703c78,0x0000000085500000)
 Metaspace       used 25509K, capacity 27058K, committed 27392K, reserved 1073152K
  class space    used 3178K, capacity 3491K, committed 3584K, reserved 1048576K
}
Event: 15.925 GC heap before
{Heap before GC invocations=8 (full 1):
 PSYoungGen      total 114688K, used 114424K [0x00000000d6000000, 0x00000000def80000, 0x0000000100000000)
  eden space 108032K, 99% used [0x00000000d6000000,0x00000000dc97c4c8,0x00000000dc980000)
  from space 6656K, 96% used [0x00000000de900000,0x00000000def41bd8,0x00000000def80000)
  to   space 8704K, 0% used [0x00000000dde80000,0x00000000dde80000,0x00000000de700000)
 ParOldGen       total 54272K, used 7183K [0x0000000082000000, 0x0000000085500000, 0x00000000d6000000)
  object space 54272K, 13% used [0x0000000082000000,0x0000000082703c78,0x0000000085500000)
 Metaspace       used 27748K, capacity 29412K, committed 29696K, reserved 1075200K
  class space    used 3458K, capacity 3798K, committed 3840K, reserved 1048576K
Event: 15.955 GC heap after
Heap after GC invocations=8 (full 1):
 PSYoungGen      total 116736K, used 6575K [0x00000000d6000000, 0x00000000def80000, 0x0000000100000000)
  eden space 108032K, 0% used [0x00000000d6000000,0x00000000d6000000,0x00000000dc980000)
  from space 8704K, 75% used [0x00000000dde80000,0x00000000de4ebd68,0x00000000de700000)
  to   space 6656K, 0% used [0x00000000de900000,0x00000000de900000,0x00000000def80000)
 ParOldGen       total 54272K, used 7183K [0x0000000082000000, 0x0000000085500000, 0x00000000d6000000)
  object space 54272K, 13% used [0x0000000082000000,0x0000000082703c78,0x0000000085500000)
 Metaspace       used 27748K, capacity 29412K, committed 29696K, reserved 1075200K
  class space    used 3458K, capacity 3798K, committed 3840K, reserved 1048576K
}
Event: 20.542 GC heap before
{Heap before GC invocations=9 (full 1):
 PSYoungGen      total 116736K, used 114607K [0x00000000d6000000, 0x00000000def80000, 0x0000000100000000)
  eden space 108032K, 100% used [0x00000000d6000000,0x00000000dc980000,0x00000000dc980000)
  from space 8704K, 75% used [0x00000000dde80000,0x00000000de4ebd68,0x00000000de700000)
  to   space 6656K, 0% used [0x00000000de900000,0x00000000de900000,0x00000000def80000)
 ParOldGen       total 54272K, used 7183K [0x0000000082000000, 0x0000000085500000, 0x00000000d6000000)
  object space 54272K, 13% used [0x0000000082000000,0x0000000082703c78,0x0000000085500000)
 Metaspace       used 32568K, capacity 34488K, committed 34688K, reserved 1079296K
  class space    used 4100K, capacity 4470K, committed 4480K, reserved 1048576K
Event: 20.574 GC heap after
Heap after GC invocations=9 (full 1):
 PSYoungGen      total 114688K, used 6635K [0x00000000d6000000, 0x00000000def80000, 0x0000000100000000)
  eden space 108032K, 0% used [0x00000000d6000000,0x00000000d6000000,0x00000000dc980000)
  from space 6656K, 99% used [0x00000000de900000,0x00000000def7afe8,0x00000000def80000)
  to   space 8704K, 0% used [0x00000000dde80000,0x00000000dde80000,0x00000000de700000)
 ParOldGen       total 54272K, used 11673K [0x0000000082000000, 0x0000000085500000, 0x00000000d6000000)
  object space 54272K, 21% used [0x0000000082000000,0x0000000082b66788,0x0000000085500000)
 Metaspace       used 32568K, capacity 34488K, committed 34688K, reserved 1079296K
  class space    used 4100K, capacity 4470K, committed 4480K, reserved 1048576K
}
Event: 21.529 GC heap before
{Heap before GC invocations=10 (full 1):
 PSYoungGen      total 114688K, used 23232K [0x00000000d6000000, 0x00000000def80000, 0x0000000100000000)
  eden space 108032K, 15% used [0x00000000d6000000,0x00000000d7035400,0x00000000dc980000)
  from space 6656K, 99% used [0x00000000de900000,0x00000000def7afe8,0x00000000def80000)
  to   space 8704K, 0% used [0x00000000dde80000,0x00000000dde80000,0x00000000de700000)
 ParOldGen       total 54272K, used 11673K [0x0000000082000000, 0x0000000085500000, 0x00000000d6000000)
  object space 54272K, 21% used [0x0000000082000000,0x0000000082b66788,0x0000000085500000)
 Metaspace       used 33375K, capacity 35352K, committed 35416K, reserved 1081344K
  class space    used 4224K, capacity 4590K, committed 4608K, reserved 1048576K
Event: 21.559 GC heap after
Heap after GC invocations=10 (full 1):
 PSYoungGen      total 138240K, used 5129K [0x00000000d6000000, 0x00000000e0980000, 0x0000000100000000)
  eden space 129536K, 0% used [0x00000000d6000000,0x00000000d6000000,0x00000000dde80000)
  from space 8704K, 58% used [0x00000000dde80000,0x00000000de382428,0x00000000de700000)
  to   space 10752K, 0% used [0x00000000dff00000,0x00000000dff00000,0x00000000e0980000)
 ParOldGen       total 54272K, used 13565K [0x0000000082000000, 0x0000000085500000, 0x00000000d6000000)
  object space 54272K, 24% used [0x0000000082000000,0x0000000082d3f7c8,0x0000000085500000)
 Metaspace       used 33375K, capacity 35352K, committed 35416K, reserved 1081344K
  class space    used 4224K, capacity 4590K, committed 4608K, reserved 1048576K
}
Event: 21.559 GC heap before
{Heap before GC invocations=11 (full 2):
 PSYoungGen      total 138240K, used 5129K [0x00000000d6000000, 0x00000000e0980000, 0x0000000100000000)
  eden space 129536K, 0% used [0x00000000d6000000,0x00000000d6000000,0x00000000dde80000)
  from space 8704K, 58% used [0x00000000dde80000,0x00000000de382428,0x00000000de700000)
  to   space 10752K, 0% used [0x00000000dff00000,0x00000000dff00000,0x00000000e0980000)
 ParOldGen       total 54272K, used 13565K [0x0000000082000000, 0x0000000085500000, 0x00000000d6000000)
  object space 54272K, 24% used [0x0000000082000000,0x0000000082d3f7c8,0x0000000085500000)
 Metaspace       used 33375K, capacity 35352K, committed 35416K, reserved 1081344K
  class space    used 4224K, capacity 4590K, committed 4608K, reserved 1048576K
Event: 21.834 GC heap after
Heap after GC invocations=11 (full 2):
 PSYoungGen      total 138240K, used 0K [0x00000000d6000000, 0x00000000e0980000, 0x0000000100000000)
  eden space 129536K, 0% used [0x00000000d6000000,0x00000000d6000000,0x00000000dde80000)
  from space 8704K, 0% used [0x00000000dde80000,0x00000000dde80000,0x00000000de700000)
  to   space 10752K, 0% used [0x00000000dff00000,0x00000000dff00000,0x00000000e0980000)
 ParOldGen       total 82432K, used 11670K [0x0000000082000000, 0x0000000087080000, 0x00000000d6000000)
  object space 82432K, 14% used [0x0000000082000000,0x0000000082b65bf8,0x0000000087080000)
 Metaspace       used 33375K, capacity 35352K, committed 35416K, reserved 1081344K
  class space    used 4224K, capacity 4590K, committed 4608K, reserved 1048576K
}

Deoptimization events (10 events):
Event: 21.965 Thread 0x000001dec5459800 Uncommon trap: reason=class_check action=maybe_recompile pc=0x000001dec75a778c method=org.springframework.util.ConcurrentReferenceHashMap$Segment.findInChain(Lorg/springframework/util/ConcurrentReferenceHashMap$Reference;Ljava/lang/Object;I)Lorg/springfra
Event: 23.010 Thread 0x000001dec5459800 Uncommon trap: reason=unstable_if action=reinterpret pc=0x000001dec77a4218 method=org.springframework.core.ResolvableType$1.isAssignableFrom(Ljava/lang/Class;)Z @ 15
Event: 23.011 Thread 0x000001dec5459800 Uncommon trap: reason=unstable_if action=reinterpret pc=0x000001dec778273c method=org.springframework.beans.factory.support.AbstractBeanFactory.isTypeMatch(Ljava/lang/String;Lorg/springframework/core/ResolvableType;Z)Z @ 99
Event: 23.781 Thread 0x000001dec5459800 Uncommon trap: reason=unstable_if action=reinterpret pc=0x000001dec7759310 method=org.springframework.beans.factory.support.AbstractBeanFactory.getBeanPostProcessorCache()Lorg/springframework/beans/factory/support/AbstractBeanFactory$BeanPostProcessorCach
Event: 23.951 Thread 0x000001dec5459800 Uncommon trap: reason=class_check action=maybe_recompile pc=0x000001dec7438d40 method=java.lang.reflect.Method.equals(Ljava/lang/Object;)Z @ 5
Event: 23.951 Thread 0x000001dec5459800 Uncommon trap: reason=unstable_if action=reinterpret pc=0x000001dec75a77c8 method=org.springframework.util.ConcurrentReferenceHashMap$Segment.findInChain(Lorg/springframework/util/ConcurrentReferenceHashMap$Reference;Ljava/lang/Object;I)Lorg/springframewo
Event: 24.068 Thread 0x000001dec5459800 Uncommon trap: reason=class_check action=maybe_recompile pc=0x000001dec7438d40 method=java.lang.reflect.Method.equals(Ljava/lang/Object;)Z @ 5
Event: 24.069 Thread 0x000001dec5459800 Uncommon trap: reason=unstable_if action=reinterpret pc=0x000001dec75943b8 method=org.springframework.util.ConcurrentReferenceHashMap$Segment.findInChain(Lorg/springframework/util/ConcurrentReferenceHashMap$Reference;Ljava/lang/Object;I)Lorg/springframewo
Event: 24.069 Thread 0x000001dec5459800 Uncommon trap: reason=class_check action=maybe_recompile pc=0x000001dec7438d40 method=java.lang.reflect.Method.equals(Ljava/lang/Object;)Z @ 5
Event: 25.140 Thread 0x000001dec5459800 Uncommon trap: reason=unstable_if action=reinterpret pc=0x000001dec7438d54 method=java.lang.reflect.Method.equals(Ljava/lang/Object;)Z @ 1

Classes redefined (0 events):
No events

Internal exceptions (10 events):
Event: 25.133 Thread 0x000001dec5459800 Exception <a 'java/lang/ClassNotFoundException': org/springframework/transaction/annotation/ProxyTransactionManagementConfigurationCustomizer> (0x00000000d8995b68) thrown at [C:\jenkins\workspace\8-2-build-windows-amd64-cygwin\jdk8u291\1294\hotspot\src\sh
Event: 25.136 Thread 0x000001dec5459800 Exception <a 'java/lang/ClassNotFoundException': org/springframework/context/annotation/ImportAwareCustomizer> (0x00000000d89c1200) thrown at [C:\jenkins\workspace\8-2-build-windows-amd64-cygwin\jdk8u291\1294\hotspot\src\share\vm\classfile\systemDictionar
Event: 25.140 Thread 0x000001dec5459800 Exception <a 'java/lang/ClassNotFoundException': org/springframework/beans/factory/AwareCustomizer> (0x00000000d89e2428) thrown at [C:\jenkins\workspace\8-2-build-windows-amd64-cygwin\jdk8u291\1294\hotspot\src\share\vm\classfile\systemDictionary.cpp, line
Event: 25.140 Thread 0x000001dec5459800 Implicit null exception at 0x000001dec7438ccc to 0x000001dec7438d41
Event: 25.165 Thread 0x000001dec5459800 Exception <a 'java/lang/ClassNotFoundException': java/lang/ObjectCustomizer> (0x00000000d8a66530) thrown at [C:\jenkins\workspace\8-2-build-windows-amd64-cygwin\jdk8u291\1294\hotspot\src\share\vm\classfile\systemDictionary.cpp, line 212]
Event: 25.167 Thread 0x000001dec5459800 Exception <a 'java/lang/ClassNotFoundException': org/springframework/transaction/interceptor/AbstractFallbackTransactionAttributeSourceCustomizer> (0x00000000d8a9e118) thrown at [C:\jenkins\workspace\8-2-build-windows-amd64-cygwin\jdk8u291\1294\hotspot\sr
Event: 25.170 Thread 0x000001dec5459800 Exception <a 'java/lang/ClassNotFoundException': org/springframework/transaction/annotation/AnnotationTransactionAttributeSourceCustomizer> (0x00000000d8ad2ea8) thrown at [C:\jenkins\workspace\8-2-build-windows-amd64-cygwin\jdk8u291\1294\hotspot\src\share
Event: 25.172 Thread 0x000001dec5459800 Exception <a 'java/lang/ClassNotFoundException': org/springframework/transaction/interceptor/TransactionAttributeSourceCustomizer> (0x00000000d8b05890) thrown at [C:\jenkins\workspace\8-2-build-windows-amd64-cygwin\jdk8u291\1294\hotspot\src\share\vm\class
Event: 25.176 Thread 0x000001dec5459800 Exception <a 'java/lang/ClassNotFoundException': org/springframework/context/EmbeddedValueResolverAwareCustomizer> (0x00000000d8b2f468) thrown at [C:\jenkins\workspace\8-2-build-windows-amd64-cygwin\jdk8u291\1294\hotspot\src\share\vm\classfile\systemDicti
Event: 25.178 Thread 0x000001dec5459800 Exception <a 'java/lang/ClassNotFoundException': org/springframework/beans/factory/AwareCustomizer> (0x00000000d8b50670) thrown at [C:\jenkins\workspace\8-2-build-windows-amd64-cygwin\jdk8u291\1294\hotspot\src\share\vm\classfile\systemDictionary.cpp, line

Events (10 events):
Event: 25.192 loading class org/springframework/transaction/interceptor/TransactionAspectSupport$InvocationCallback
Event: 25.192 loading class org/springframework/transaction/interceptor/TransactionAspectSupport$InvocationCallback done
Event: 25.194 loading class io/vavr/control/Try
Event: 25.194 loading class io/vavr/control/Try done
Event: 25.194 loading class io/vavr/control$Try
Event: 25.194 loading class io/vavr/control$Try done
Event: 25.195 loading class org/reactivestreams/Publisher
Event: 25.195 loading class org/reactivestreams/Publisher done
Event: 25.196 loading class org/reactivestreams$Publisher
Event: 25.196 loading class org/reactivestreams$Publisher done


Dynamic libraries:
0x00007ff7af980000 - 0x00007ff7af9c7000 	C:\Program Files\Java\jdk1.8.0_291\bin\java.exe
0x00007ff990910000 - 0x00007ff990b05000 	C:\WINDOWS\SYSTEM32\ntdll.dll
0x00007ff98f720000 - 0x00007ff98f7dd000 	C:\WINDOWS\System32\KERNEL32.DLL
0x00007ff98e6b0000 - 0x00007ff98e978000 	C:\WINDOWS\System32\KERNELBASE.dll
0x00007ff98ee20000 - 0x00007ff98eecc000 	C:\WINDOWS\System32\ADVAPI32.dll
0x00007ff990810000 - 0x00007ff9908ae000 	C:\WINDOWS\System32\msvcrt.dll
0x00007ff990770000 - 0x00007ff99080b000 	C:\WINDOWS\System32\sechost.dll
0x00007ff98f550000 - 0x00007ff98f67b000 	C:\WINDOWS\System32\RPCRT4.dll
0x00007ff98f2a0000 - 0x00007ff98f440000 	C:\WINDOWS\System32\USER32.dll
0x00007ff98e470000 - 0x00007ff98e492000 	C:\WINDOWS\System32\win32u.dll
0x00007ff98e980000 - 0x00007ff98e9aa000 	C:\WINDOWS\System32\GDI32.dll
0x00007ff98e2a0000 - 0x00007ff98e3ab000 	C:\WINDOWS\System32\gdi32full.dll
0x00007ff98e1b0000 - 0x00007ff98e24d000 	C:\WINDOWS\System32\msvcp_win.dll
0x00007ff98e0b0000 - 0x00007ff98e1b0000 	C:\WINDOWS\System32\ucrtbase.dll
0x00007ff97ce20000 - 0x00007ff97d0ba000 	C:\WINDOWS\WinSxS\amd64_microsoft.windows.common-controls_6595b64144ccf1df_6.0.19041.1052_none_60b8f8fd71f5e8cb\COMCTL32.dll
0x00007ff990180000 - 0x00007ff9901b0000 	C:\WINDOWS\System32\IMM32.DLL
0x00007ff982bb0000 - 0x00007ff982bc5000 	C:\Program Files\Java\jdk1.8.0_291\jre\bin\vcruntime140.dll
0x00007ff955f50000 - 0x00007ff955feb000 	C:\Program Files\Java\jdk1.8.0_291\jre\bin\msvcp140.dll
0x0000000065610000 - 0x0000000065e70000 	C:\Program Files\Java\jdk1.8.0_291\jre\bin\server\jvm.dll
0x00007ff98fa30000 - 0x00007ff98fa38000 	C:\WINDOWS\System32\PSAPI.DLL
0x00007ff982960000 - 0x00007ff982987000 	C:\WINDOWS\SYSTEM32\WINMM.dll
0x00007ff982950000 - 0x00007ff98295a000 	C:\WINDOWS\SYSTEM32\VERSION.dll
0x00007ff98b580000 - 0x00007ff98b589000 	C:\WINDOWS\SYSTEM32\WSOCK32.dll
0x00007ff990570000 - 0x00007ff9905db000 	C:\WINDOWS\System32\WS2_32.dll
0x00007ff98cbd0000 - 0x00007ff98cbe2000 	C:\WINDOWS\SYSTEM32\kernel.appcore.dll
0x00007ff982ba0000 - 0x00007ff982bb0000 	C:\Program Files\Java\jdk1.8.0_291\jre\bin\verify.dll
0x00007ff97e620000 - 0x00007ff97e64b000 	C:\Program Files\Java\jdk1.8.0_291\jre\bin\java.dll
0x00007ff985190000 - 0x00007ff9851c0000 	C:\Program Files\Java\jdk1.8.0_291\jre\bin\instrument.dll
0x00007ff982b80000 - 0x00007ff982b98000 	C:\Program Files\Java\jdk1.8.0_291\jre\bin\zip.dll
0x00007ff98fa40000 - 0x00007ff99017f000 	C:\WINDOWS\System32\SHELL32.dll
0x00007ff98c010000 - 0x00007ff98c7a0000 	C:\WINDOWS\SYSTEM32\windows.storage.dll
0x00007ff9901b0000 - 0x00007ff990505000 	C:\WINDOWS\System32\combase.dll
0x00007ff98d9f0000 - 0x00007ff98da1c000 	C:\WINDOWS\SYSTEM32\Wldp.dll
0x00007ff98f4a0000 - 0x00007ff98f54e000 	C:\WINDOWS\System32\SHCORE.dll
0x00007ff98f440000 - 0x00007ff98f495000 	C:\WINDOWS\System32\shlwapi.dll
0x00007ff98df90000 - 0x00007ff98dfaf000 	C:\WINDOWS\SYSTEM32\profapi.dll
0x00007ff9880a0000 - 0x00007ff9880ba000 	C:\Program Files\JetBrains\IntelliJ IDEA Community Edition 2021.1.1\bin\breakgen64.dll
0x00007ff968000000 - 0x00007ff96801c000 	C:\Program Files\Java\jdk1.8.0_291\jre\bin\net.dll
0x00007ff98d760000 - 0x00007ff98d7ca000 	C:\WINDOWS\system32\mswsock.dll
0x00007ff9648f0000 - 0x00007ff964903000 	C:\Program Files\Java\jdk1.8.0_291\jre\bin\nio.dll
0x00007ff97e6e0000 - 0x00007ff97e6ed000 	C:\Program Files\Java\jdk1.8.0_291\jre\bin\management.dll
0x00007ff96b890000 - 0x00007ff96b8a7000 	C:\WINDOWS\system32\napinsp.dll
0x00007ff966e10000 - 0x00007ff966e2b000 	C:\WINDOWS\system32\pnrpnsp.dll
0x00007ff9663e0000 - 0x00007ff9663f5000 	C:\WINDOWS\system32\wshbth.dll
0x00007ff989410000 - 0x00007ff98942d000 	C:\WINDOWS\system32\NLAapi.dll
0x00007ff98d450000 - 0x00007ff98d48b000 	C:\WINDOWS\SYSTEM32\IPHLPAPI.DLL
0x00007ff98d490000 - 0x00007ff98d55c000 	C:\WINDOWS\SYSTEM32\DNSAPI.dll
0x00007ff98efa0000 - 0x00007ff98efa8000 	C:\WINDOWS\System32\NSI.dll
0x00007ff965ec0000 - 0x00007ff965ed2000 	C:\WINDOWS\System32\winrnr.dll
0x00007ff984900000 - 0x00007ff98490a000 	C:\Windows\System32\rasadhlp.dll
0x00007ff984ae0000 - 0x00007ff984b5f000 	C:\WINDOWS\System32\fwpuclnt.dll
0x00007ff98e440000 - 0x00007ff98e467000 	C:\WINDOWS\System32\bcrypt.dll

VM Arguments:
jvm_args: -ea -Didea.test.cyclic.buffer.size=1048576 -javaagent:C:\Program Files\JetBrains\IntelliJ IDEA Community Edition 2021.1.1\lib\idea_rt.jar=62227:C:\Program Files\JetBrains\IntelliJ IDEA Community Edition 2021.1.1\bin -Dfile.encoding=UTF-8 
java_command: com.intellij.rt.junit.JUnitStarter -ideVersion5 -junit5 com.bankapi.bank.AccountControllerTest,test create account
java_class_path (initial): C:\Program Files\JetBrains\IntelliJ IDEA Community Edition 2021.1.1\lib\idea_rt.jar;C:\Users\Lucas\.m2\repository\org\junit\platform\junit-platform-launcher\1.7.2\junit-platform-launcher-1.7.2.jar;C:\Program Files\JetBrains\IntelliJ IDEA Community Edition 2021.1.1\plugins\junit\lib\junit5-rt.jar;C:\Program Files\JetBrains\IntelliJ IDEA Community Edition 2021.1.1\plugins\junit\lib\junit-rt.jar;C:\Program Files\Java\jdk1.8.0_291\jre\lib\charsets.jar;C:\Program Files\Java\jdk1.8.0_291\jre\lib\deploy.jar;C:\Program Files\Java\jdk1.8.0_291\jre\lib\ext\access-bridge-64.jar;C:\Program Files\Java\jdk1.8.0_291\jre\lib\ext\cldrdata.jar;C:\Program Files\Java\jdk1.8.0_291\jre\lib\ext\dnsns.jar;C:\Program Files\Java\jdk1.8.0_291\jre\lib\ext\jaccess.jar;C:\Program Files\Java\jdk1.8.0_291\jre\lib\ext\jfxrt.jar;C:\Program Files\Java\jdk1.8.0_291\jre\lib\ext\localedata.jar;C:\Program Files\Java\jdk1.8.0_291\jre\lib\ext\nashorn.jar;C:\Program Files\Java\jdk1.8.0_291\jre\lib\ext\sunec.jar;C:\Program Files\Java\jdk1.8.0_291\jre\lib\ext\sunjce_provider.jar;C:\Program Files\Java\jdk1.8.0_291\jre\lib\ext\sunmscapi.jar;C:\Program Files\Java\jdk1.8.0_291\jre\lib\ext\sunpkcs11.jar;C:\Program Files\Java\jdk1.8.0_291\jre\lib\ext\zipfs.jar;C:\Program Files\Java\jdk1.8.0_291\jre\lib\javaws.jar;C:\Program Files\Java\jdk1.8.0_291\jre\lib\jce.jar;C:\Program Files\Java\jdk1.8.0_291\jre\lib\jfr.jar;C:\Program Files\Java\jdk1.8.0_291\jre\lib\jfxswt.jar;C:\Program Files\Java\jdk1.8.0_291\jre\lib\jsse.jar;C:\Program Files\Java\jdk1.8.0_291\jre\lib\management-agent.jar;C:\Program Files\Java\jdk1.8.0_291\jre\lib\plugin.jar;C:\Program Files\Java\jdk1.8.0_291\jre\lib\resources.jar;C:\Program Files\Java\jdk1.8.0_291\jre\lib\rt.jar;C:\Projetos\Kotlin\bank-api\target\test-classes;C:\Projetos\Kotlin\bank-api\target\classes;C:\Users\Lucas\.m2\repository\org\springframework\boot\spring-boot-starter-actuator\2.4.8\spring-boot-starter-actuator-2.4.8.jar;C:\Users\Lucas\.m2\repository\org
Launcher Type: SUN_STANDARD

Environment Variables:
JAVA_HOME=C:\Program Files\Java\jdk1.8.0_291
PATH=C:\Program Files (x86)\Common Files\Oracle\Java\javapath;C:\app\Lucas\product\18.0.0\dbhomeXE\bin;C:\Program Files (x86)\Falcon\MinGW\bin;C:\ProgramData\Oracle\Java\javapath;C:\Program Files (x86)\Intel\iCLS Client\;C:\Program Files\Intel\iCLS Client\;C:\WINDOWS\system32;C:\WINDOWS;C:\WINDOWS\System32\Wbem;C:\WINDOWS\System32\WindowsPowerShell\v1.0\;C:\Program Files (x86)\Intel\Intel(R) Management Engine Components\DAL;C:\Program Files\Intel\Intel(R) Management Engine Components\DAL;C:\Program Files (x86)\Intel\Intel(R) Management Engine Components\IPT;C:\Program Files\Intel\Intel(R) Management Engine Components\IPT;C:\Program Files\Microsoft SQL Server\130\Tools\Binn\;C:\Program Files (x86)\Microsoft SQL Server\140\Tools\Binn\;C:\Program Files\Microsoft SQL Server\140\Tools\Binn\;C:\Program Files\Microsoft SQL Server\140\DTS\Binn\;C:\Program Files\Microsoft SQL Server\Client SDK\ODBC\130\Tools\Binn\;C:\Program Files\Microsoft SQL Server\Client SDK\ODBC\110\Tools\Binn\;C:\Program Files (x86)\Microsoft SQL Server\120\Tools\Binn\;C:\Program Files\Microsoft SQL Server\120\Tools\Binn\;C:\Program Files\Microsoft SQL Server\120\DTS\Binn\;C:\Program Files (x86)\Microsoft SQL Server\120\Tools\Binn\ManagementStudio\;C:\Program Files (x86)\Microsoft SQL Server\120\DTS\Binn\;C:\WINDOWS\System32\OpenSSH\;C:\Program Files\dotnet\;C:\Program Files\nodejs\;C:\Program Files\Microsoft SQL Server\Client SDK\ODBC\170\Tools\Binn\;C:\Program Files (x86)\dotnet\;C:\Program Files\Java\apache-maven-3.8.1\bin;C:\Program Files\Java\jdk1.8.0_291\bin;C:\Ruby27-x64\bin;C:\Users\Lucas\AppData\Local\Microsoft\WindowsApps;C:\Users\Lucas\AppData\Roaming\npm;C:\Users\Lucas\.dotnet\tools;
USERNAME=Lucas
OS=Windows_NT
PROCESSOR_IDENTIFIER=Intel64 Family 6 Model 78 Stepping 3, GenuineIntel



---------------  S Y S T E M  ---------------

OS: Windows 10.0 , 64 bit Build 19041 (10.0.19041.1023)

CPU:total 4 (initial active 4) (2 cores per cpu, 2 threads per core) family 6 model 78 stepping 3, cmov, cx8, fxsr, mmx, sse, sse2, sse3, ssse3, sse4.1, sse4.2, popcnt, avx, avx2, aes, clmul, erms, 3dnowpref, lzcnt, ht, tsc, tscinvbit, bmi1, bmi2, adx

Memory: 4k page, physical 8251996k(914544k free), swap 8251996k(5128k free)

vm_info: Java HotSpot(TM) 64-Bit Server VM (25.291-b10) for windows-amd64 JRE (1.8.0_291-b10), built on Apr  9 2021 00:02:00 by "java_re" with MS VC++ 15.9 (VS2017)

time: Mon Jun 28 22:22:58 2021
timezone: Hora oficial do Brasil
elapsed time: 25.250092 seconds (0d 0h 0m 25s)

